<?xml version="1.0"?>
<testsuites><testsuite name="PAGI\CallSpool\Impl\Test_CallSpool" file="/export/users/marcelog/src/sts/PAGI/test/spool/Test_CallSpool.php" namespace="PAGI\CallSpool\Impl" fullPackage="Test.Spool" category="Pagi" package="Test" subpackage="Spool" tests="7" assertions="25" failures="0" errors="0" time="0.139424">
        <testcase name="can_create_callfile" class="PAGI\CallSpool\Impl\Test_CallSpool" file="/export/users/marcelog/src/sts/PAGI/test/spool/Test_CallSpool.php" line="105" assertions="19" time="0.051400"/>
        <testcase name="can_get_instance" class="PAGI\CallSpool\Impl\Test_CallSpool" file="/export/users/marcelog/src/sts/PAGI/test/spool/Test_CallSpool.php" line="199" assertions="0" time="0.005151"/>
        <testcase name="cannot_create_temp_file" class="PAGI\CallSpool\Impl\Test_CallSpool" file="/export/users/marcelog/src/sts/PAGI/test/spool/Test_CallSpool.php" line="212" assertions="1" time="0.012536"/>
        <testcase name="cannot_write_temp_file" class="PAGI\CallSpool\Impl\Test_CallSpool" file="/export/users/marcelog/src/sts/PAGI/test/spool/Test_CallSpool.php" line="227" assertions="1" time="0.013195"/>
        <testcase name="cannot_touch_temp_file" class="PAGI\CallSpool\Impl\Test_CallSpool" file="/export/users/marcelog/src/sts/PAGI/test/spool/Test_CallSpool.php" line="250" assertions="1" time="0.013315"/>
        <testcase name="cannot_move_file_to_spool" class="PAGI\CallSpool\Impl\Test_CallSpool" file="/export/users/marcelog/src/sts/PAGI/test/spool/Test_CallSpool.php" line="271" assertions="1" time="0.013628"/>
        <testcase name="can_spool_and_schedule" class="PAGI\CallSpool\Impl\Test_CallSpool" file="/export/users/marcelog/src/sts/PAGI/test/spool/Test_CallSpool.php" line="291" assertions="2" time="0.030199"/>
      </testsuite><testsuite name="PAGI\Client\Impl\Test_ChannelStatus" file="/export/users/marcelog/src/sts/PAGI/test/status/Test_ChannelStatus.php" namespace="PAGI\Client\Impl" fullPackage="Test.Status" category="Pagi" package="Test" subpackage="Status" tests="1" assertions="9" failures="0" errors="0" time="0.026503">
        <testcase name="can_correct_status" class="PAGI\Client\Impl\Test_ChannelStatus" file="/export/users/marcelog/src/sts/PAGI/test/status/Test_ChannelStatus.php" line="51" assertions="9" time="0.026503"/>
      </testsuite><testsuite name="PAGI\Client\Impl\Test_Client" file="/export/users/marcelog/src/sts/PAGI/test/client/Test_Client.php" namespace="PAGI\Client\Impl" fullPackage="Test.Client" category="Pagi" package="Test" subpackage="Client" tests="72" assertions="88" failures="0" errors="0" time="7.752478">
        <testcase name="cannot_read" class="PAGI\Client\Impl\Test_Client" file="/export/users/marcelog/src/sts/PAGI/test/client/Test_Client.php" line="189" assertions="1" time="0.049691"/>
        <testcase name="can_send" class="PAGI\Client\Impl\Test_Client" file="/export/users/marcelog/src/sts/PAGI/test/client/Test_Client.php" line="199" assertions="5" time="0.122076"/>
        <testcase name="can_answer" class="PAGI\Client\Impl\Test_Client" file="/export/users/marcelog/src/sts/PAGI/test/client/Test_Client.php" line="225" assertions="0" time="0.095034"/>
        <testcase name="can_use_custom_stream" class="PAGI\Client\Impl\Test_Client" file="/export/users/marcelog/src/sts/PAGI/test/client/Test_Client.php" line="243" assertions="0" time="0.097972"/>
        <testcase name="can_close" class="PAGI\Client\Impl\Test_Client" file="/export/users/marcelog/src/sts/PAGI/test/client/Test_Client.php" line="260" assertions="0" time="0.090158"/>
        <testcase name="can_hangup" class="PAGI\Client\Impl\Test_Client" file="/export/users/marcelog/src/sts/PAGI/test/client/Test_Client.php" line="276" assertions="0" time="0.102139"/>
        <testcase name="cannot_answer" class="PAGI\Client\Impl\Test_Client" file="/export/users/marcelog/src/sts/PAGI/test/client/Test_Client.php" line="298" assertions="1" time="0.100975"/>
        <testcase name="cannot_hangup" class="PAGI\Client\Impl\Test_Client" file="/export/users/marcelog/src/sts/PAGI/test/client/Test_Client.php" line="316" assertions="1" time="0.101623"/>
        <testcase name="can_set_context" class="PAGI\Client\Impl\Test_Client" file="/export/users/marcelog/src/sts/PAGI/test/client/Test_Client.php" line="333" assertions="0" time="0.102250"/>
        <testcase name="can_set_extension" class="PAGI\Client\Impl\Test_Client" file="/export/users/marcelog/src/sts/PAGI/test/client/Test_Client.php" line="350" assertions="0" time="0.099246"/>
        <testcase name="can_set_priority" class="PAGI\Client\Impl\Test_Client" file="/export/users/marcelog/src/sts/PAGI/test/client/Test_Client.php" line="367" assertions="0" time="0.104541"/>
        <testcase name="can_set_autohangup" class="PAGI\Client\Impl\Test_Client" file="/export/users/marcelog/src/sts/PAGI/test/client/Test_Client.php" line="384" assertions="0" time="0.095354"/>
        <testcase name="can_set_callerid" class="PAGI\Client\Impl\Test_Client" file="/export/users/marcelog/src/sts/PAGI/test/client/Test_Client.php" line="401" assertions="0" time="0.096140"/>
        <testcase name="can_send_image" class="PAGI\Client\Impl\Test_Client" file="/export/users/marcelog/src/sts/PAGI/test/client/Test_Client.php" line="418" assertions="0" time="0.096034"/>
        <testcase name="cannot_send_image" class="PAGI\Client\Impl\Test_Client" file="/export/users/marcelog/src/sts/PAGI/test/client/Test_Client.php" line="436" assertions="1" time="0.103476"/>
        <testcase name="can_send_text" class="PAGI\Client\Impl\Test_Client" file="/export/users/marcelog/src/sts/PAGI/test/client/Test_Client.php" line="453" assertions="0" time="0.092636"/>
        <testcase name="cannot_send_text" class="PAGI\Client\Impl\Test_Client" file="/export/users/marcelog/src/sts/PAGI/test/client/Test_Client.php" line="471" assertions="1" time="0.099885"/>
        <testcase name="can_database_put" class="PAGI\Client\Impl\Test_Client" file="/export/users/marcelog/src/sts/PAGI/test/client/Test_Client.php" line="488" assertions="0" time="0.101174"/>
        <testcase name="cannot_database_put" class="PAGI\Client\Impl\Test_Client" file="/export/users/marcelog/src/sts/PAGI/test/client/Test_Client.php" line="506" assertions="1" time="0.107550"/>
        <testcase name="can_database_deltree" class="PAGI\Client\Impl\Test_Client" file="/export/users/marcelog/src/sts/PAGI/test/client/Test_Client.php" line="523" assertions="0" time="0.095288"/>
        <testcase name="cannot_database_deltree" class="PAGI\Client\Impl\Test_Client" file="/export/users/marcelog/src/sts/PAGI/test/client/Test_Client.php" line="541" assertions="1" time="0.104864"/>
        <testcase name="can_database_del" class="PAGI\Client\Impl\Test_Client" file="/export/users/marcelog/src/sts/PAGI/test/client/Test_Client.php" line="558" assertions="0" time="0.098696"/>
        <testcase name="cannot_database_del" class="PAGI\Client\Impl\Test_Client" file="/export/users/marcelog/src/sts/PAGI/test/client/Test_Client.php" line="576" assertions="1" time="0.108746"/>
        <testcase name="can_database_get" class="PAGI\Client\Impl\Test_Client" file="/export/users/marcelog/src/sts/PAGI/test/client/Test_Client.php" line="593" assertions="1" time="0.110325"/>
        <testcase name="can_console_log" class="PAGI\Client\Impl\Test_Client" file="/export/users/marcelog/src/sts/PAGI/test/client/Test_Client.php" line="610" assertions="0" time="0.101461"/>
        <testcase name="cannot_database_get" class="PAGI\Client\Impl\Test_Client" file="/export/users/marcelog/src/sts/PAGI/test/client/Test_Client.php" line="631" assertions="1" time="0.104078"/>
        <testcase name="cannot_get_fullvariable" class="PAGI\Client\Impl\Test_Client" file="/export/users/marcelog/src/sts/PAGI/test/client/Test_Client.php" line="648" assertions="1" time="0.100538"/>
        <testcase name="cannot_get_variable" class="PAGI\Client\Impl\Test_Client" file="/export/users/marcelog/src/sts/PAGI/test/client/Test_Client.php" line="666" assertions="1" time="0.099616"/>
        <testcase name="can_get_variable" class="PAGI\Client\Impl\Test_Client" file="/export/users/marcelog/src/sts/PAGI/test/client/Test_Client.php" line="683" assertions="1" time="0.112514"/>
        <testcase name="can_get_channel_status" class="PAGI\Client\Impl\Test_Client" file="/export/users/marcelog/src/sts/PAGI/test/client/Test_Client.php" line="700" assertions="1" time="0.110415"/>
        <testcase name="can_set_music" class="PAGI\Client\Impl\Test_Client" file="/export/users/marcelog/src/sts/PAGI/test/client/Test_Client.php" line="717" assertions="0" time="0.100567"/>
        <testcase name="can_wait_digit" class="PAGI\Client\Impl\Test_Client" file="/export/users/marcelog/src/sts/PAGI/test/client/Test_Client.php" line="734" assertions="3" time="0.133555"/>
        <testcase name="can_wait_digit_and_timeout" class="PAGI\Client\Impl\Test_Client" file="/export/users/marcelog/src/sts/PAGI/test/client/Test_Client.php" line="754" assertions="1" time="0.097268"/>
        <testcase name="cannot_wait_digit" class="PAGI\Client\Impl\Test_Client" file="/export/users/marcelog/src/sts/PAGI/test/client/Test_Client.php" line="773" assertions="1" time="0.099680"/>
        <testcase name="can_stream_file" class="PAGI\Client\Impl\Test_Client" file="/export/users/marcelog/src/sts/PAGI/test/client/Test_Client.php" line="790" assertions="1" time="0.099691"/>
        <testcase name="can_say_datetime" class="PAGI\Client\Impl\Test_Client" file="/export/users/marcelog/src/sts/PAGI/test/client/Test_Client.php" line="808" assertions="1" time="0.108517"/>
        <testcase name="can_say_digits" class="PAGI\Client\Impl\Test_Client" file="/export/users/marcelog/src/sts/PAGI/test/client/Test_Client.php" line="826" assertions="1" time="0.108747"/>
        <testcase name="can_say_number" class="PAGI\Client\Impl\Test_Client" file="/export/users/marcelog/src/sts/PAGI/test/client/Test_Client.php" line="844" assertions="1" time="0.110204"/>
        <testcase name="can_say_phonetic" class="PAGI\Client\Impl\Test_Client" file="/export/users/marcelog/src/sts/PAGI/test/client/Test_Client.php" line="862" assertions="1" time="0.106393"/>
        <testcase name="can_say_alpha" class="PAGI\Client\Impl\Test_Client" file="/export/users/marcelog/src/sts/PAGI/test/client/Test_Client.php" line="880" assertions="1" time="0.107128"/>
        <testcase name="can_say_date" class="PAGI\Client\Impl\Test_Client" file="/export/users/marcelog/src/sts/PAGI/test/client/Test_Client.php" line="898" assertions="1" time="0.111100"/>
        <testcase name="can_say_time" class="PAGI\Client\Impl\Test_Client" file="/export/users/marcelog/src/sts/PAGI/test/client/Test_Client.php" line="916" assertions="1" time="0.109319"/>
        <testcase name="can_get_data" class="PAGI\Client\Impl\Test_Client" file="/export/users/marcelog/src/sts/PAGI/test/client/Test_Client.php" line="934" assertions="10" time="0.131144"/>
        <testcase name="can_get_option" class="PAGI\Client\Impl\Test_Client" file="/export/users/marcelog/src/sts/PAGI/test/client/Test_Client.php" line="961" assertions="1" time="0.106727"/>
        <testcase name="can_record" class="PAGI\Client\Impl\Test_Client" file="/export/users/marcelog/src/sts/PAGI/test/client/Test_Client.php" line="979" assertions="4" time="0.121754"/>
        <testcase name="can_record_and_detect_hangup" class="PAGI\Client\Impl\Test_Client" file="/export/users/marcelog/src/sts/PAGI/test/client/Test_Client.php" line="1000" assertions="3" time="0.113930"/>
        <testcase name="cannot_record_writefile" class="PAGI\Client\Impl\Test_Client" file="/export/users/marcelog/src/sts/PAGI/test/client/Test_Client.php" line="1021" assertions="1" time="0.101284"/>
        <testcase name="cannot_record_waitfor" class="PAGI\Client\Impl\Test_Client" file="/export/users/marcelog/src/sts/PAGI/test/client/Test_Client.php" line="1039" assertions="1" time="0.111818"/>
        <testcase name="cannot_stream_file" class="PAGI\Client\Impl\Test_Client" file="/export/users/marcelog/src/sts/PAGI/test/client/Test_Client.php" line="1057" assertions="1" time="0.109138"/>
        <testcase name="cannot_fwrite" class="PAGI\Client\Impl\Test_Client" file="/export/users/marcelog/src/sts/PAGI/test/client/Test_Client.php" line="1075" assertions="1" time="0.101698"/>
        <testcase name="cannot_do_anything_on_channel_down" class="PAGI\Client\Impl\Test_Client" file="/export/users/marcelog/src/sts/PAGI/test/client/Test_Client.php" line="1093" assertions="1" time="0.110899"/>
        <testcase name="cannot_do_anything_on_invalid_command" class="PAGI\Client\Impl\Test_Client" file="/export/users/marcelog/src/sts/PAGI/test/client/Test_Client.php" line="1111" assertions="1" time="0.106293"/>
        <testcase name="cannot_execute" class="PAGI\Client\Impl\Test_Client" file="/export/users/marcelog/src/sts/PAGI/test/client/Test_Client.php" line="1129" assertions="1" time="0.103458"/>
        <testcase name="can_dial_and_return_busy" class="PAGI\Client\Impl\Test_Client" file="/export/users/marcelog/src/sts/PAGI/test/client/Test_Client.php" line="1146" assertions="1" time="0.124029"/>
        <testcase name="can_dial_and_return_answer" class="PAGI\Client\Impl\Test_Client" file="/export/users/marcelog/src/sts/PAGI/test/client/Test_Client.php" line="1178" assertions="1" time="0.126653"/>
        <testcase name="can_dial_and_return_congestion" class="PAGI\Client\Impl\Test_Client" file="/export/users/marcelog/src/sts/PAGI/test/client/Test_Client.php" line="1210" assertions="1" time="0.128800"/>
        <testcase name="can_dial_and_return_cancel" class="PAGI\Client\Impl\Test_Client" file="/export/users/marcelog/src/sts/PAGI/test/client/Test_Client.php" line="1242" assertions="1" time="0.124389"/>
        <testcase name="can_dial_and_return_noanswer" class="PAGI\Client\Impl\Test_Client" file="/export/users/marcelog/src/sts/PAGI/test/client/Test_Client.php" line="1274" assertions="1" time="0.123687"/>
        <testcase name="can_dial_and_return_chanunavail" class="PAGI\Client\Impl\Test_Client" file="/export/users/marcelog/src/sts/PAGI/test/client/Test_Client.php" line="1306" assertions="1" time="0.128619"/>
        <testcase name="can_dial" class="PAGI\Client\Impl\Test_Client" file="/export/users/marcelog/src/sts/PAGI/test/client/Test_Client.php" line="1338" assertions="7" time="0.148671"/>
        <testcase name="can_receive_fax" class="PAGI\Client\Impl\Test_Client" file="/export/users/marcelog/src/sts/PAGI/test/client/Test_Client.php" line="1376" assertions="9" time="0.160985"/>
        <testcase name="can_stop_playing_tones" class="PAGI\Client\Impl\Test_Client" file="/export/users/marcelog/src/sts/PAGI/test/client/Test_Client.php" line="1420" assertions="0" time="0.097271"/>
        <testcase name="can_play_tone" class="PAGI\Client\Impl\Test_Client" file="/export/users/marcelog/src/sts/PAGI/test/client/Test_Client.php" line="1437" assertions="0" time="0.100462"/>
        <testcase name="can_play_busy_tone" class="PAGI\Client\Impl\Test_Client" file="/export/users/marcelog/src/sts/PAGI/test/client/Test_Client.php" line="1454" assertions="0" time="0.097245"/>
        <testcase name="can_play_dial_tone" class="PAGI\Client\Impl\Test_Client" file="/export/users/marcelog/src/sts/PAGI/test/client/Test_Client.php" line="1471" assertions="0" time="0.104480"/>
        <testcase name="can_play_congestion_tone" class="PAGI\Client\Impl\Test_Client" file="/export/users/marcelog/src/sts/PAGI/test/client/Test_Client.php" line="1488" assertions="0" time="0.102098"/>
        <testcase name="can_play_custom_tones" class="PAGI\Client\Impl\Test_Client" file="/export/users/marcelog/src/sts/PAGI/test/client/Test_Client.php" line="1505" assertions="0" time="0.102525"/>
        <testcase name="can_indicate_progress" class="PAGI\Client\Impl\Test_Client" file="/export/users/marcelog/src/sts/PAGI/test/client/Test_Client.php" line="1522" assertions="0" time="0.102975"/>
        <testcase name="can_indicate_busy" class="PAGI\Client\Impl\Test_Client" file="/export/users/marcelog/src/sts/PAGI/test/client/Test_Client.php" line="1539" assertions="0" time="0.101731"/>
        <testcase name="can_indicate_congestion" class="PAGI\Client\Impl\Test_Client" file="/export/users/marcelog/src/sts/PAGI/test/client/Test_Client.php" line="1556" assertions="0" time="0.105804"/>
        <testcase name="can_send_fax" class="PAGI\Client\Impl\Test_Client" file="/export/users/marcelog/src/sts/PAGI/test/client/Test_Client.php" line="1573" assertions="9" time="0.162002"/>
        <testcase name="can_get_client" class="PAGI\Client\Impl\Test_Client" file="/export/users/marcelog/src/sts/PAGI/test/client/Test_Client.php" line="1617" assertions="0" time="0.095245"/>
      </testsuite><testsuite name="PAGI\Client\Impl\Test_CallerID" file="/export/users/marcelog/src/sts/PAGI/test/callerid/Test_CallerID.php" namespace="PAGI\Client\Impl" fullPackage="Test.Callerid" category="Pagi" package="Test" subpackage="Callerid" tests="2" assertions="1" failures="0" errors="0" time="0.249821">
        <testcase name="can_get_callerid" class="PAGI\Client\Impl\Test_CallerID" file="/export/users/marcelog/src/sts/PAGI/test/callerid/Test_CallerID.php" line="58" assertions="1" time="0.130042"/>
        <testcase name="can_set_callerid" class="PAGI\Client\Impl\Test_CallerID" file="/export/users/marcelog/src/sts/PAGI/test/callerid/Test_CallerID.php" line="86" assertions="0" time="0.119779"/>
      </testsuite><testsuite name="PAGI\Client\Impl\Test_ChannelVariables" file="/export/users/marcelog/src/sts/PAGI/test/channelvars/Test_ChannelVariables.php" namespace="PAGI\Client\Impl" fullPackage="Test.Channelvars" category="Pagi" package="Test" subpackage="Channelvars" tests="3" assertions="36" failures="0" errors="0" time="0.359669">
        <testcase name="can_get_channel_variables" class="PAGI\Client\Impl\Test_ChannelVariables" file="/export/users/marcelog/src/sts/PAGI/test/channelvars/Test_ChannelVariables.php" line="58" assertions="0" time="0.094808"/>
        <testcase name="can_get_agi_variables" class="PAGI\Client\Impl\Test_ChannelVariables" file="/export/users/marcelog/src/sts/PAGI/test/channelvars/Test_ChannelVariables.php" line="70" assertions="25" time="0.136527"/>
        <testcase name="can_get_environment_variables" class="PAGI\Client\Impl\Test_ChannelVariables" file="/export/users/marcelog/src/sts/PAGI/test/channelvars/Test_ChannelVariables.php" line="108" assertions="11" time="0.128334"/>
      </testsuite><testsuite name="PAGI\Client\Impl\Test_CDR" file="/export/users/marcelog/src/sts/PAGI/test/cdr/Test_CDR.php" namespace="PAGI\Client\Impl" fullPackage="Test.Cdr" category="Pagi" package="Test" subpackage="Cdr" tests="3" assertions="18" failures="0" errors="0" time="0.405557">
        <testcase name="can_get_cdr" class="PAGI\Client\Impl\Test_CDR" file="/export/users/marcelog/src/sts/PAGI/test/cdr/Test_CDR.php" line="58" assertions="0" time="0.096533"/>
        <testcase name="can_set_cdr_variables" class="PAGI\Client\Impl\Test_CDR" file="/export/users/marcelog/src/sts/PAGI/test/cdr/Test_CDR.php" line="69" assertions="0" time="0.106687"/>
        <testcase name="can_get_cdr_variables" class="PAGI\Client\Impl\Test_CDR" file="/export/users/marcelog/src/sts/PAGI/test/cdr/Test_CDR.php" line="90" assertions="18" time="0.202337"/>
      </testsuite><testsuite name="PAGI\Client\Impl\Test_Autoloader" file="/export/users/marcelog/src/sts/PAGI/test/autoloader/Test_Autoloader.php" namespace="PAGI\Client\Impl" fullPackage="Test.Autoloader" category="Pagi" package="Test" subpackage="Autoloader" tests="1" assertions="1" failures="0" errors="0" time="0.005658">
        <testcase name="can_register_autoloader" class="PAGI\Client\Impl\Test_Autoloader" file="/export/users/marcelog/src/sts/PAGI/test/autoloader/Test_Autoloader.php" line="63" assertions="1" time="0.005658"/>
      </testsuite><testsuite name="PAGI\Client\Impl\Test_DialDescriptor" file="/export/users/marcelog/src/sts/PAGI/test/dialdescriptor/Test_DialDescriptor.php" namespace="PAGI\Client\Impl" fullPackage="Test.Descriptor" category="Pagi" package="Test" subpackage="Descriptor" tests="2" assertions="8" failures="0" errors="0" time="0.047458">
        <testcase name="can_use_sip_descriptor" class="PAGI\Client\Impl\Test_DialDescriptor" file="/export/users/marcelog/src/sts/PAGI/test/dialdescriptor/Test_DialDescriptor.php" line="58" assertions="3" time="0.023214"/>
        <testcase name="can_use_dahdi_descriptor" class="PAGI\Client\Impl\Test_DialDescriptor" file="/export/users/marcelog/src/sts/PAGI/test/dialdescriptor/Test_DialDescriptor.php" line="69" assertions="5" time="0.024244"/>
      </testsuite><testsuite name="PAGI\Client\Impl\Test_AsteriskLogger" file="/export/users/marcelog/src/sts/PAGI/test/asterisklogger/Test_AsteriskLogger.php" namespace="PAGI\Client\Impl" fullPackage="Test.Logger" category="Pagi" package="Test" subpackage="Logger" tests="2" assertions="0" failures="0" errors="0" time="0.222018">
        <testcase name="can_log" class="PAGI\Client\Impl\Test_AsteriskLogger" file="/export/users/marcelog/src/sts/PAGI/test/asterisklogger/Test_AsteriskLogger.php" line="58" assertions="0" time="0.128310"/>
        <testcase name="can_get_logger" class="PAGI\Client\Impl\Test_AsteriskLogger" file="/export/users/marcelog/src/sts/PAGI/test/asterisklogger/Test_AsteriskLogger.php" line="91" assertions="0" time="0.093708"/>
      </testsuite><testsuite name="PAGI\Client\Impl\Test_Application" file="/export/users/marcelog/src/sts/PAGI/test/application/Test_Application.php" namespace="PAGI\Client\Impl" fullPackage="Test.Application" category="Pagi" package="Test" subpackage="Application" tests="1" assertions="1" failures="0" errors="0" time="0.099831">
        <testcase name="can_app" class="PAGI\Client\Impl\Test_Application" file="/export/users/marcelog/src/sts/PAGI/test/application/Test_Application.php" line="57" assertions="1" time="0.099831"/>
      </testsuite></testsuites>
